[2023-09-03T07:49:30.545+0000] {taskinstance.py:1159} INFO - Dependencies all met for dep_context=non-requeueable deps ti=<TaskInstance: crawling_news.entertainment scheduled__2023-09-01T15:10:00+00:00 [queued]>
[2023-09-03T07:49:30.569+0000] {taskinstance.py:1159} INFO - Dependencies all met for dep_context=requeueable deps ti=<TaskInstance: crawling_news.entertainment scheduled__2023-09-01T15:10:00+00:00 [queued]>
[2023-09-03T07:49:30.571+0000] {taskinstance.py:1361} INFO - Starting attempt 1 of 1
[2023-09-03T07:49:30.605+0000] {taskinstance.py:1382} INFO - Executing <Task(BashOperator): entertainment> on 2023-09-01 15:10:00+00:00
[2023-09-03T07:49:30.615+0000] {standard_task_runner.py:57} INFO - Started process 27319 to run task
[2023-09-03T07:49:30.627+0000] {standard_task_runner.py:84} INFO - Running: ['***', 'tasks', 'run', 'crawling_news', 'entertainment', 'scheduled__2023-09-01T15:10:00+00:00', '--job-id', '128', '--raw', '--subdir', 'DAGS_FOLDER/crawling_dag.py', '--cfg-path', '/tmp/tmp5ktxkywp']
[2023-09-03T07:49:30.630+0000] {standard_task_runner.py:85} INFO - Job 128: Subtask entertainment
[2023-09-03T07:49:30.804+0000] {task_command.py:415} INFO - Running <TaskInstance: crawling_news.entertainment scheduled__2023-09-01T15:10:00+00:00 [running]> on host 8ef33824b8b6
[2023-09-03T07:49:31.125+0000] {taskinstance.py:1660} INFO - Exporting env vars: AIRFLOW_CTX_DAG_OWNER='***' AIRFLOW_CTX_DAG_ID='crawling_news' AIRFLOW_CTX_TASK_ID='entertainment' AIRFLOW_CTX_EXECUTION_DATE='2023-09-01T15:10:00+00:00' AIRFLOW_CTX_TRY_NUMBER='1' AIRFLOW_CTX_DAG_RUN_ID='scheduled__2023-09-01T15:10:00+00:00'
[2023-09-03T07:49:31.160+0000] {subprocess.py:63} INFO - Tmp dir root location: /tmp
[2023-09-03T07:49:31.166+0000] {subprocess.py:75} INFO - Running command: ['/bin/bash', '-c', 'cd /opt/***/ && python src/crawling.py -s hankook -c entertainment -d 20230902']
[2023-09-03T07:49:31.202+0000] {subprocess.py:86} INFO - Output:
[2023-09-03T07:50:09.685+0000] {subprocess.py:93} INFO - Culture ['HF99', 'HF02', 'HF03', 'HF04', 'HF05', 'HF06'] 20230902
[2023-09-03T07:50:09.692+0000] {subprocess.py:93} INFO - last page number: 1
[2023-09-03T07:50:09.695+0000] {subprocess.py:93} INFO - last page number: 1
[2023-09-03T07:50:09.699+0000] {subprocess.py:93} INFO - last page number: 1
[2023-09-03T07:50:09.701+0000] {subprocess.py:93} INFO - last page number: 1
[2023-09-03T07:50:09.704+0000] {subprocess.py:93} INFO - last page number: 1
[2023-09-03T07:50:09.707+0000] {subprocess.py:93} INFO - last page number: 1
[2023-09-03T07:50:09.709+0000] {subprocess.py:93} INFO - running time: 35.8746s
[2023-09-03T07:50:09.836+0000] {subprocess.py:97} INFO - Command exited with return code 0
[2023-09-03T07:50:09.892+0000] {taskinstance.py:1400} INFO - Marking task as SUCCESS. dag_id=crawling_news, task_id=entertainment, execution_date=20230901T151000, start_date=20230903T074930, end_date=20230903T075009
[2023-09-03T07:50:09.963+0000] {local_task_job_runner.py:228} INFO - Task exited with return code 0
[2023-09-03T07:50:10.014+0000] {taskinstance.py:2784} INFO - 1 downstream tasks scheduled from follow-on schedule check
