[2023-09-03T07:49:20.700+0000] {taskinstance.py:1159} INFO - Dependencies all met for dep_context=non-requeueable deps ti=<TaskInstance: crawling_news.culture scheduled__2023-09-01T15:10:00+00:00 [queued]>
[2023-09-03T07:49:20.712+0000] {taskinstance.py:1159} INFO - Dependencies all met for dep_context=requeueable deps ti=<TaskInstance: crawling_news.culture scheduled__2023-09-01T15:10:00+00:00 [queued]>
[2023-09-03T07:49:20.714+0000] {taskinstance.py:1361} INFO - Starting attempt 1 of 1
[2023-09-03T07:49:20.731+0000] {taskinstance.py:1382} INFO - Executing <Task(BashOperator): culture> on 2023-09-01 15:10:00+00:00
[2023-09-03T07:49:20.738+0000] {standard_task_runner.py:57} INFO - Started process 27243 to run task
[2023-09-03T07:49:20.744+0000] {standard_task_runner.py:84} INFO - Running: ['***', 'tasks', 'run', 'crawling_news', 'culture', 'scheduled__2023-09-01T15:10:00+00:00', '--job-id', '127', '--raw', '--subdir', 'DAGS_FOLDER/crawling_dag.py', '--cfg-path', '/tmp/tmpu0nh9h0z']
[2023-09-03T07:49:20.747+0000] {standard_task_runner.py:85} INFO - Job 127: Subtask culture
[2023-09-03T07:49:20.822+0000] {task_command.py:415} INFO - Running <TaskInstance: crawling_news.culture scheduled__2023-09-01T15:10:00+00:00 [running]> on host 8ef33824b8b6
[2023-09-03T07:49:20.951+0000] {taskinstance.py:1660} INFO - Exporting env vars: AIRFLOW_CTX_DAG_OWNER='***' AIRFLOW_CTX_DAG_ID='crawling_news' AIRFLOW_CTX_TASK_ID='culture' AIRFLOW_CTX_EXECUTION_DATE='2023-09-01T15:10:00+00:00' AIRFLOW_CTX_TRY_NUMBER='1' AIRFLOW_CTX_DAG_RUN_ID='scheduled__2023-09-01T15:10:00+00:00'
[2023-09-03T07:49:20.955+0000] {subprocess.py:63} INFO - Tmp dir root location: /tmp
[2023-09-03T07:49:20.957+0000] {subprocess.py:75} INFO - Running command: ['/bin/bash', '-c', 'cd /opt/***/ && python src/crawling.py -s hankook -c culture -d 20230902']
[2023-09-03T07:49:20.976+0000] {subprocess.py:86} INFO - Output:
[2023-09-03T07:49:27.180+0000] {subprocess.py:93} INFO - Culture ['HE01', 'HE02', 'HE99'] 20230902
[2023-09-03T07:49:27.193+0000] {subprocess.py:93} INFO - last page number: 1
[2023-09-03T07:49:27.198+0000] {subprocess.py:93} INFO - last page number: 1
[2023-09-03T07:49:27.207+0000] {subprocess.py:93} INFO - last page number: 1
[2023-09-03T07:49:27.209+0000] {subprocess.py:93} INFO - running time: 5.0773s
[2023-09-03T07:49:27.468+0000] {subprocess.py:97} INFO - Command exited with return code 0
[2023-09-03T07:49:27.586+0000] {taskinstance.py:1400} INFO - Marking task as SUCCESS. dag_id=crawling_news, task_id=culture, execution_date=20230901T151000, start_date=20230903T074920, end_date=20230903T074927
[2023-09-03T07:49:27.659+0000] {local_task_job_runner.py:228} INFO - Task exited with return code 0
[2023-09-03T07:49:27.729+0000] {taskinstance.py:2784} INFO - 1 downstream tasks scheduled from follow-on schedule check
