[2023-09-03T07:50:11.625+0000] {taskinstance.py:1159} INFO - Dependencies all met for dep_context=non-requeueable deps ti=<TaskInstance: crawling_news.sports scheduled__2023-09-01T15:10:00+00:00 [queued]>
[2023-09-03T07:50:11.642+0000] {taskinstance.py:1159} INFO - Dependencies all met for dep_context=requeueable deps ti=<TaskInstance: crawling_news.sports scheduled__2023-09-01T15:10:00+00:00 [queued]>
[2023-09-03T07:50:11.643+0000] {taskinstance.py:1361} INFO - Starting attempt 1 of 1
[2023-09-03T07:50:11.667+0000] {taskinstance.py:1382} INFO - Executing <Task(BashOperator): sports> on 2023-09-01 15:10:00+00:00
[2023-09-03T07:50:11.676+0000] {standard_task_runner.py:57} INFO - Started process 27454 to run task
[2023-09-03T07:50:11.687+0000] {standard_task_runner.py:84} INFO - Running: ['***', 'tasks', 'run', 'crawling_news', 'sports', 'scheduled__2023-09-01T15:10:00+00:00', '--job-id', '129', '--raw', '--subdir', 'DAGS_FOLDER/crawling_dag.py', '--cfg-path', '/tmp/tmppsjl3i71']
[2023-09-03T07:50:11.690+0000] {standard_task_runner.py:85} INFO - Job 129: Subtask sports
[2023-09-03T07:50:11.785+0000] {task_command.py:415} INFO - Running <TaskInstance: crawling_news.sports scheduled__2023-09-01T15:10:00+00:00 [running]> on host 8ef33824b8b6
[2023-09-03T07:50:11.953+0000] {taskinstance.py:1660} INFO - Exporting env vars: AIRFLOW_CTX_DAG_OWNER='***' AIRFLOW_CTX_DAG_ID='crawling_news' AIRFLOW_CTX_TASK_ID='sports' AIRFLOW_CTX_EXECUTION_DATE='2023-09-01T15:10:00+00:00' AIRFLOW_CTX_TRY_NUMBER='1' AIRFLOW_CTX_DAG_RUN_ID='scheduled__2023-09-01T15:10:00+00:00'
[2023-09-03T07:50:11.957+0000] {subprocess.py:63} INFO - Tmp dir root location: /tmp
[2023-09-03T07:50:11.959+0000] {subprocess.py:75} INFO - Running command: ['/bin/bash', '-c', 'cd /opt/***/ && python src/crawling.py -s hankook -c sports -d 20230902']
[2023-09-03T07:50:11.979+0000] {subprocess.py:86} INFO - Output:
[2023-09-03T07:50:47.938+0000] {subprocess.py:93} INFO - Sports ['HG01', 'HG02', 'HG03', 'HG04', 'HG05', 'HG06', 'HG99'] 20230902
[2023-09-03T07:50:47.940+0000] {subprocess.py:93} INFO - last page number: 1
[2023-09-03T07:50:47.942+0000] {subprocess.py:93} INFO - last page number: 1
[2023-09-03T07:50:47.945+0000] {subprocess.py:93} INFO - last page number: 1
[2023-09-03T07:50:47.948+0000] {subprocess.py:93} INFO - last page number: 1
[2023-09-03T07:50:47.949+0000] {subprocess.py:93} INFO - last page number: 1
[2023-09-03T07:50:47.951+0000] {subprocess.py:93} INFO - last page number: 1
[2023-09-03T07:50:47.953+0000] {subprocess.py:93} INFO - last page number: 1
[2023-09-03T07:50:47.954+0000] {subprocess.py:93} INFO - running time: 34.5134s
[2023-09-03T07:50:48.037+0000] {subprocess.py:97} INFO - Command exited with return code 0
[2023-09-03T07:50:48.080+0000] {taskinstance.py:1400} INFO - Marking task as SUCCESS. dag_id=crawling_news, task_id=sports, execution_date=20230901T151000, start_date=20230903T075011, end_date=20230903T075048
[2023-09-03T07:50:48.154+0000] {local_task_job_runner.py:228} INFO - Task exited with return code 0
[2023-09-03T07:50:48.186+0000] {taskinstance.py:2784} INFO - 0 downstream tasks scheduled from follow-on schedule check
